{"D:\\Hobby\\eleaving\\backend\\AuthService\\server.js": {"path":"D:\\Hobby\\eleaving\\backend\\AuthService\\server.js","statementMap":{"0":{"start":{"line":1,"column":16},"end":{"line":1,"column":34}},"1":{"start":{"line":2,"column":16},"end":{"line":2,"column":42}},"2":{"start":{"line":3,"column":19},"end":{"line":3,"column":41}},"3":{"start":{"line":4,"column":15},"end":{"line":4,"column":49}},"4":{"start":{"line":7,"column":13},"end":{"line":7,"column":37}},"5":{"start":{"line":8,"column":13},"end":{"line":8,"column":22}},"6":{"start":{"line":9,"column":12},"end":{"line":9,"column":21}},"7":{"start":{"line":12,"column":0},"end":{"line":12,"column":51}},"8":{"start":{"line":13,"column":0},"end":{"line":13,"column":27}},"9":{"start":{"line":15,"column":0},"end":{"line":19,"column":4}},"10":{"start":{"line":22,"column":15},"end":{"line":49,"column":2}},"11":{"start":{"line":51,"column":0},"end":{"line":51,"column":29}},"12":{"start":{"line":52,"column":0},"end":{"line":54,"column":3}},"13":{"start":{"line":53,"column":4},"end":{"line":53,"column":66}},"14":{"start":{"line":56,"column":23},"end":{"line":56,"column":65}},"15":{"start":{"line":57,"column":4},"end":{"line":57,"column":33}},"16":{"start":{"line":59,"column":0},"end":{"line":59,"column":23}},"17":{"start":{"line":60,"column":0},"end":{"line":60,"column":62}},"18":{"start":{"line":62,"column":0},"end":{"line":62,"column":20}}},"fnMap":{"0":{"name":"(anonymous_0)","decl":{"start":{"line":52,"column":13},"end":{"line":52,"column":14}},"loc":{"start":{"line":52,"column":24},"end":{"line":54,"column":1}},"line":52}},"branchMap":{"0":{"loc":{"start":{"line":7,"column":13},"end":{"line":7,"column":37}},"type":"binary-expr","locations":[{"start":{"line":7,"column":13},"end":{"line":7,"column":29}},{"start":{"line":7,"column":33},"end":{"line":7,"column":37}}],"line":7},"1":{"loc":{"start":{"line":53,"column":16},"end":{"line":53,"column":64}},"type":"binary-expr","locations":[{"start":{"line":53,"column":16},"end":{"line":53,"column":21}},{"start":{"line":53,"column":25},"end":{"line":53,"column":64}}],"line":53}},"s":{"0":1,"1":1,"2":1,"3":1,"4":1,"5":1,"6":1,"7":1,"8":1,"9":1,"10":1,"11":1,"12":1,"13":0,"14":1,"15":1,"16":1,"17":1,"18":1},"f":{"0":0},"b":{"0":[1,1],"1":[0,0]},"_coverageSchema":"43e27e138ebf9cfc5966b082cf9a028302ed4184","hash":"499f8f43b53700b7fcd3ef195c8bfe6d7f20e3db"}
,"D:\\Hobby\\eleaving\\backend\\AuthService\\src\\controller\\AuthController.js": {"path":"D:\\Hobby\\eleaving\\backend\\AuthService\\src\\controller\\AuthController.js","statementMap":{"0":{"start":{"line":1,"column":16},"end":{"line":1,"column":34}},"1":{"start":{"line":2,"column":15},"end":{"line":2,"column":31}},"2":{"start":{"line":3,"column":20},"end":{"line":3,"column":53}},"3":{"start":{"line":4,"column":17},"end":{"line":4,"column":39}},"4":{"start":{"line":7,"column":0},"end":{"line":7,"column":55}},"5":{"start":{"line":8,"column":0},"end":{"line":8,"column":30}},"6":{"start":{"line":10,"column":0},"end":{"line":10,"column":41}},"7":{"start":{"line":12,"column":0},"end":{"line":12,"column":24}}},"fnMap":{},"branchMap":{},"s":{"0":1,"1":1,"2":1,"3":1,"4":1,"5":1,"6":1,"7":1},"f":{},"b":{},"_coverageSchema":"43e27e138ebf9cfc5966b082cf9a028302ed4184","hash":"4095242731aa0df8fad63b9e150b71038eabeaa3"}
,"D:\\Hobby\\eleaving\\backend\\AuthService\\src\\service\\AuthService.js": {"path":"D:\\Hobby\\eleaving\\backend\\AuthService\\src\\service\\AuthService.js","statementMap":{"0":{"start":{"line":1,"column":14},"end":{"line":1,"column":30}},"1":{"start":{"line":3,"column":11},"end":{"line":3,"column":26}},"2":{"start":{"line":5,"column":19},"end":{"line":5,"column":35}},"3":{"start":{"line":6,"column":19},"end":{"line":6,"column":25}},"4":{"start":{"line":9,"column":14},"end":{"line":15,"column":2}},"5":{"start":{"line":17,"column":0},"end":{"line":17,"column":80}},"6":{"start":{"line":18,"column":0},"end":{"line":18,"column":18}},"7":{"start":{"line":20,"column":0},"end":{"line":39,"column":1}},"8":{"start":{"line":21,"column":19},"end":{"line":21,"column":36}},"9":{"start":{"line":22,"column":19},"end":{"line":22,"column":36}},"10":{"start":{"line":24,"column":4},"end":{"line":38,"column":5}},"11":{"start":{"line":25,"column":8},"end":{"line":34,"column":11}},"12":{"start":{"line":26,"column":12},"end":{"line":26,"column":33}},"13":{"start":{"line":27,"column":12},"end":{"line":32,"column":13}},"14":{"start":{"line":28,"column":16},"end":{"line":28,"column":45}},"15":{"start":{"line":29,"column":16},"end":{"line":29,"column":166}},"16":{"start":{"line":31,"column":16},"end":{"line":31,"column":86}},"17":{"start":{"line":33,"column":12},"end":{"line":33,"column":22}},"18":{"start":{"line":36,"column":8},"end":{"line":36,"column":76}},"19":{"start":{"line":37,"column":8},"end":{"line":37,"column":18}}},"fnMap":{"0":{"name":"(anonymous_0)","decl":{"start":{"line":20,"column":16},"end":{"line":20,"column":17}},"loc":{"start":{"line":20,"column":30},"end":{"line":39,"column":1}},"line":20},"1":{"name":"(anonymous_1)","decl":{"start":{"line":25,"column":106},"end":{"line":25,"column":107}},"loc":{"start":{"line":25,"column":138},"end":{"line":34,"column":9}},"line":25}},"branchMap":{"0":{"loc":{"start":{"line":24,"column":4},"end":{"line":38,"column":5}},"type":"if","locations":[{"start":{"line":24,"column":4},"end":{"line":38,"column":5}},{"start":{"line":24,"column":4},"end":{"line":38,"column":5}}],"line":24},"1":{"loc":{"start":{"line":24,"column":8},"end":{"line":24,"column":28}},"type":"binary-expr","locations":[{"start":{"line":24,"column":8},"end":{"line":24,"column":16}},{"start":{"line":24,"column":20},"end":{"line":24,"column":28}}],"line":24},"2":{"loc":{"start":{"line":27,"column":12},"end":{"line":32,"column":13}},"type":"if","locations":[{"start":{"line":27,"column":12},"end":{"line":32,"column":13}},{"start":{"line":27,"column":12},"end":{"line":32,"column":13}}],"line":27}},"s":{"0":1,"1":1,"2":1,"3":1,"4":1,"5":1,"6":1,"7":1,"8":1,"9":1,"10":1,"11":1,"12":1,"13":1,"14":0,"15":0,"16":1,"17":1,"18":0,"19":0},"f":{"0":1,"1":1},"b":{"0":[1,0],"1":[1,1],"2":[0,1]},"_coverageSchema":"43e27e138ebf9cfc5966b082cf9a028302ed4184","hash":"66cdc478b6c4f2fad8a26223c1e171512312d5b9"}
}
