TN:
SF:D:\Hobby\eleaving\backend\AuthService\server.js
FN:52,(anonymous_0)
FNF:1
FNH:0
FNDA:0,(anonymous_0)
DA:1,1
DA:2,1
DA:3,1
DA:4,1
DA:7,1
DA:8,1
DA:9,1
DA:12,1
DA:13,1
DA:15,1
DA:22,1
DA:51,1
DA:52,1
DA:53,0
DA:56,1
DA:57,1
DA:59,1
DA:60,1
DA:62,1
LF:19
LH:18
BRDA:7,0,0,1
BRDA:7,0,1,1
BRDA:53,1,0,0
BRDA:53,1,1,0
BRF:4
BRH:2
end_of_record
TN:
SF:D:\Hobby\eleaving\backend\AuthService\src\controller\AuthController.js
FNF:0
FNH:0
DA:1,1
DA:2,1
DA:3,1
DA:4,1
DA:7,1
DA:8,1
DA:10,1
DA:12,1
LF:8
LH:8
BRF:0
BRH:0
end_of_record
TN:
SF:D:\Hobby\eleaving\backend\AuthService\src\service\AuthService.js
FN:20,(anonymous_0)
FN:25,(anonymous_1)
FNF:2
FNH:2
FNDA:1,(anonymous_0)
FNDA:1,(anonymous_1)
DA:1,1
DA:3,1
DA:5,1
DA:6,1
DA:9,1
DA:17,1
DA:18,1
DA:20,1
DA:21,1
DA:22,1
DA:24,1
DA:25,1
DA:26,1
DA:27,1
DA:28,0
DA:29,0
DA:31,1
DA:33,1
DA:36,0
DA:37,0
LF:20
LH:16
BRDA:24,0,0,1
BRDA:24,0,1,0
BRDA:24,1,0,1
BRDA:24,1,1,1
BRDA:27,2,0,0
BRDA:27,2,1,1
BRF:6
BRH:4
end_of_record
