{"D:\\Hobby\\eleaving\\backend\\UserService\\server.js": {"path":"D:\\Hobby\\eleaving\\backend\\UserService\\server.js","statementMap":{"0":{"start":{"line":1,"column":16},"end":{"line":1,"column":34}},"1":{"start":{"line":2,"column":19},"end":{"line":2,"column":41}},"2":{"start":{"line":3,"column":15},"end":{"line":3,"column":49}},"3":{"start":{"line":6,"column":13},"end":{"line":6,"column":37}},"4":{"start":{"line":7,"column":13},"end":{"line":7,"column":22}},"5":{"start":{"line":8,"column":12},"end":{"line":8,"column":21}},"6":{"start":{"line":11,"column":0},"end":{"line":11,"column":51}},"7":{"start":{"line":12,"column":0},"end":{"line":12,"column":27}},"8":{"start":{"line":15,"column":15},"end":{"line":42,"column":2}},"9":{"start":{"line":44,"column":0},"end":{"line":44,"column":29}},"10":{"start":{"line":45,"column":0},"end":{"line":47,"column":3}},"11":{"start":{"line":46,"column":4},"end":{"line":46,"column":50}},"12":{"start":{"line":49,"column":23},"end":{"line":49,"column":65}},"13":{"start":{"line":50,"column":0},"end":{"line":50,"column":29}},"14":{"start":{"line":52,"column":0},"end":{"line":52,"column":23}},"15":{"start":{"line":53,"column":0},"end":{"line":53,"column":62}},"16":{"start":{"line":55,"column":0},"end":{"line":55,"column":20}}},"fnMap":{"0":{"name":"(anonymous_0)","decl":{"start":{"line":45,"column":13},"end":{"line":45,"column":14}},"loc":{"start":{"line":45,"column":24},"end":{"line":47,"column":1}},"line":45}},"branchMap":{"0":{"loc":{"start":{"line":6,"column":13},"end":{"line":6,"column":37}},"type":"binary-expr","locations":[{"start":{"line":6,"column":13},"end":{"line":6,"column":29}},{"start":{"line":6,"column":33},"end":{"line":6,"column":37}}],"line":6},"1":{"loc":{"start":{"line":46,"column":16},"end":{"line":46,"column":48}},"type":"binary-expr","locations":[{"start":{"line":46,"column":16},"end":{"line":46,"column":21}},{"start":{"line":46,"column":25},"end":{"line":46,"column":48}}],"line":46}},"s":{"0":1,"1":1,"2":1,"3":1,"4":1,"5":1,"6":1,"7":1,"8":1,"9":1,"10":1,"11":1,"12":1,"13":1,"14":1,"15":1,"16":1},"f":{"0":1},"b":{"0":[1,1],"1":[1,1]},"_coverageSchema":"43e27e138ebf9cfc5966b082cf9a028302ed4184","hash":"1fbbce77adb3db159ea4f770e8178ed4a4004103"}
,"D:\\Hobby\\eleaving\\backend\\UserService\\src\\controller\\UserController.js": {"path":"D:\\Hobby\\eleaving\\backend\\UserService\\src\\controller\\UserController.js","statementMap":{"0":{"start":{"line":1,"column":16},"end":{"line":1,"column":34}},"1":{"start":{"line":2,"column":15},"end":{"line":2,"column":31}},"2":{"start":{"line":3,"column":20},"end":{"line":3,"column":53}},"3":{"start":{"line":4,"column":17},"end":{"line":4,"column":39}},"4":{"start":{"line":7,"column":0},"end":{"line":7,"column":55}},"5":{"start":{"line":8,"column":0},"end":{"line":8,"column":30}},"6":{"start":{"line":11,"column":0},"end":{"line":11,"column":48}},"7":{"start":{"line":12,"column":0},"end":{"line":12,"column":67}},"8":{"start":{"line":14,"column":0},"end":{"line":14,"column":24}}},"fnMap":{},"branchMap":{},"s":{"0":1,"1":1,"2":1,"3":1,"4":1,"5":1,"6":1,"7":1,"8":1},"f":{},"b":{},"_coverageSchema":"43e27e138ebf9cfc5966b082cf9a028302ed4184","hash":"ed21229c3073b4b8c8a0d5223e5422e0f176fca9"}
,"D:\\Hobby\\eleaving\\backend\\UserService\\src\\service\\UserService.js": {"path":"D:\\Hobby\\eleaving\\backend\\UserService\\src\\service\\UserService.js","statementMap":{"0":{"start":{"line":1,"column":17},"end":{"line":1,"column":47}},"1":{"start":{"line":2,"column":10},"end":{"line":2,"column":31}},"2":{"start":{"line":3,"column":14},"end":{"line":3,"column":30}},"3":{"start":{"line":5,"column":19},"end":{"line":5,"column":35}},"4":{"start":{"line":6,"column":19},"end":{"line":6,"column":25}},"5":{"start":{"line":9,"column":14},"end":{"line":15,"column":2}},"6":{"start":{"line":17,"column":0},"end":{"line":17,"column":80}},"7":{"start":{"line":18,"column":0},"end":{"line":18,"column":18}},"8":{"start":{"line":20,"column":0},"end":{"line":31,"column":1}},"9":{"start":{"line":21,"column":17},"end":{"line":21,"column":34}},"10":{"start":{"line":23,"column":4},"end":{"line":30,"column":6}},"11":{"start":{"line":24,"column":8},"end":{"line":29,"column":9}},"12":{"start":{"line":25,"column":12},"end":{"line":25,"column":41}},"13":{"start":{"line":26,"column":12},"end":{"line":26,"column":48}},"14":{"start":{"line":28,"column":12},"end":{"line":28,"column":34}},"15":{"start":{"line":33,"column":0},"end":{"line":48,"column":1}},"16":{"start":{"line":34,"column":17},"end":{"line":34,"column":34}},"17":{"start":{"line":36,"column":4},"end":{"line":47,"column":6}},"18":{"start":{"line":41,"column":8},"end":{"line":46,"column":9}},"19":{"start":{"line":42,"column":12},"end":{"line":42,"column":54}},"20":{"start":{"line":43,"column":12},"end":{"line":43,"column":48}},"21":{"start":{"line":45,"column":12},"end":{"line":45,"column":34}}},"fnMap":{"0":{"name":"(anonymous_0)","decl":{"start":{"line":20,"column":22},"end":{"line":20,"column":23}},"loc":{"start":{"line":20,"column":36},"end":{"line":31,"column":1}},"line":20},"1":{"name":"(anonymous_1)","decl":{"start":{"line":23,"column":82},"end":{"line":23,"column":83}},"loc":{"start":{"line":23,"column":113},"end":{"line":30,"column":5}},"line":23},"2":{"name":"(anonymous_2)","decl":{"start":{"line":33,"column":33},"end":{"line":33,"column":34}},"loc":{"start":{"line":33,"column":47},"end":{"line":48,"column":1}},"line":33},"3":{"name":"(anonymous_3)","decl":{"start":{"line":39,"column":106},"end":{"line":39,"column":107}},"loc":{"start":{"line":39,"column":137},"end":{"line":47,"column":5}},"line":39}},"branchMap":{"0":{"loc":{"start":{"line":24,"column":8},"end":{"line":29,"column":9}},"type":"if","locations":[{"start":{"line":24,"column":8},"end":{"line":29,"column":9}},{"start":{"line":24,"column":8},"end":{"line":29,"column":9}}],"line":24},"1":{"loc":{"start":{"line":41,"column":8},"end":{"line":46,"column":9}},"type":"if","locations":[{"start":{"line":41,"column":8},"end":{"line":46,"column":9}},{"start":{"line":41,"column":8},"end":{"line":46,"column":9}}],"line":41}},"s":{"0":1,"1":1,"2":1,"3":1,"4":1,"5":1,"6":1,"7":1,"8":1,"9":3,"10":3,"11":3,"12":2,"13":2,"14":1,"15":1,"16":3,"17":3,"18":3,"19":2,"20":2,"21":1},"f":{"0":3,"1":3,"2":3,"3":3},"b":{"0":[2,1],"1":[2,1]},"_coverageSchema":"43e27e138ebf9cfc5966b082cf9a028302ed4184","hash":"8a1efc25a5629368140288eeeee017c641efcbb6"}
}
