{"D:\\Hobby\\eleaving\\backend\\UserService\\app.js": {"path":"D:\\Hobby\\eleaving\\backend\\UserService\\app.js","statementMap":{"0":{"start":{"line":1,"column":16},"end":{"line":1,"column":34}},"1":{"start":{"line":2,"column":19},"end":{"line":2,"column":41}},"2":{"start":{"line":3,"column":12},"end":{"line":3,"column":21}},"3":{"start":{"line":4,"column":13},"end":{"line":4,"column":17}},"4":{"start":{"line":7,"column":0},"end":{"line":7,"column":52}},"5":{"start":{"line":8,"column":0},"end":{"line":8,"column":27}},"6":{"start":{"line":10,"column":23},"end":{"line":10,"column":65}},"7":{"start":{"line":12,"column":0},"end":{"line":12,"column":33}},"8":{"start":{"line":14,"column":0},"end":{"line":14,"column":71}},"9":{"start":{"line":14,"column":23},"end":{"line":14,"column":70}},"10":{"start":{"line":16,"column":0},"end":{"line":16,"column":20}}},"fnMap":{"0":{"name":"(anonymous_0)","decl":{"start":{"line":14,"column":17},"end":{"line":14,"column":18}},"loc":{"start":{"line":14,"column":23},"end":{"line":14,"column":70}},"line":14}},"branchMap":{},"s":{"0":1,"1":1,"2":1,"3":1,"4":1,"5":1,"6":1,"7":1,"8":1,"9":1,"10":1},"f":{"0":1},"b":{},"_coverageSchema":"43e27e138ebf9cfc5966b082cf9a028302ed4184","hash":"6483d3c2899b7f4838100e314305c6d9db8b8db0"}
,"D:\\Hobby\\eleaving\\backend\\UserService\\src\\controller\\UserController.js": {"path":"D:\\Hobby\\eleaving\\backend\\UserService\\src\\controller\\UserController.js","statementMap":{"0":{"start":{"line":1,"column":16},"end":{"line":1,"column":34}},"1":{"start":{"line":2,"column":15},"end":{"line":2,"column":31}},"2":{"start":{"line":3,"column":20},"end":{"line":3,"column":53}},"3":{"start":{"line":4,"column":17},"end":{"line":4,"column":39}},"4":{"start":{"line":7,"column":0},"end":{"line":7,"column":55}},"5":{"start":{"line":8,"column":0},"end":{"line":8,"column":30}},"6":{"start":{"line":11,"column":0},"end":{"line":11,"column":48}},"7":{"start":{"line":13,"column":0},"end":{"line":13,"column":24}}},"fnMap":{},"branchMap":{},"s":{"0":1,"1":1,"2":1,"3":1,"4":1,"5":1,"6":1,"7":1},"f":{},"b":{},"_coverageSchema":"43e27e138ebf9cfc5966b082cf9a028302ed4184","hash":"407bc33e5c72c89d8e3e34d9a18bfdb14e38eb50"}
,"D:\\Hobby\\eleaving\\backend\\UserService\\src\\service\\UserService.js": {"path":"D:\\Hobby\\eleaving\\backend\\UserService\\src\\service\\UserService.js","statementMap":{"0":{"start":{"line":1,"column":17},"end":{"line":1,"column":47}},"1":{"start":{"line":2,"column":10},"end":{"line":2,"column":31}},"2":{"start":{"line":4,"column":0},"end":{"line":13,"column":1}},"3":{"start":{"line":5,"column":21},"end":{"line":5,"column":77}},"4":{"start":{"line":6,"column":4},"end":{"line":6,"column":42}},"5":{"start":{"line":8,"column":4},"end":{"line":12,"column":5}},"6":{"start":{"line":9,"column":8},"end":{"line":9,"column":35}},"7":{"start":{"line":11,"column":8},"end":{"line":11,"column":48}}},"fnMap":{"0":{"name":"(anonymous_0)","decl":{"start":{"line":4,"column":22},"end":{"line":4,"column":23}},"loc":{"start":{"line":4,"column":36},"end":{"line":13,"column":1}},"line":4}},"branchMap":{"0":{"loc":{"start":{"line":8,"column":4},"end":{"line":12,"column":5}},"type":"if","locations":[{"start":{"line":8,"column":4},"end":{"line":12,"column":5}},{"start":{"line":8,"column":4},"end":{"line":12,"column":5}}],"line":8}},"s":{"0":1,"1":1,"2":1,"3":2,"4":2,"5":2,"6":1,"7":1},"f":{"0":2},"b":{"0":[1,1]},"_coverageSchema":"43e27e138ebf9cfc5966b082cf9a028302ed4184","hash":"7341012f1e20bfad9fe0e728736aa2a438853439"}
}
