TN:
SF:D:\Hobby\eleaving\backend\UserService\server.js
FN:45,(anonymous_0)
FNF:1
FNH:1
FNDA:1,(anonymous_0)
DA:1,1
DA:2,1
DA:3,1
DA:6,1
DA:7,1
DA:8,1
DA:11,1
DA:12,1
DA:15,1
DA:44,1
DA:45,1
DA:46,1
DA:49,1
DA:50,1
DA:52,1
DA:53,1
DA:55,1
LF:17
LH:17
BRDA:6,0,0,1
BRDA:6,0,1,1
BRDA:46,1,0,1
BRDA:46,1,1,1
BRF:4
BRH:4
end_of_record
TN:
SF:D:\Hobby\eleaving\backend\UserService\src\controller\UserController.js
FNF:0
FNH:0
DA:1,1
DA:2,1
DA:3,1
DA:4,1
DA:7,1
DA:8,1
DA:11,1
DA:12,1
DA:14,1
LF:9
LH:9
BRF:0
BRH:0
end_of_record
TN:
SF:D:\Hobby\eleaving\backend\UserService\src\service\UserService.js
FN:20,(anonymous_0)
FN:23,(anonymous_1)
FN:33,(anonymous_2)
FN:39,(anonymous_3)
FNF:4
FNH:4
FNDA:3,(anonymous_0)
FNDA:3,(anonymous_1)
FNDA:3,(anonymous_2)
FNDA:3,(anonymous_3)
DA:1,1
DA:2,1
DA:3,1
DA:5,1
DA:6,1
DA:9,1
DA:17,1
DA:18,1
DA:20,1
DA:21,3
DA:23,3
DA:24,3
DA:25,2
DA:26,2
DA:28,1
DA:33,1
DA:34,3
DA:36,3
DA:41,3
DA:42,2
DA:43,2
DA:45,1
LF:22
LH:22
BRDA:24,0,0,2
BRDA:24,0,1,1
BRDA:41,1,0,2
BRDA:41,1,1,1
BRF:4
BRH:4
end_of_record
