TN:
SF:D:\Hobby\eleaving\backend\SubjectService\server.js
FN:60,(anonymous_0)
FN:65,(anonymous_1)
FN:73,(anonymous_2)
FN:86,(anonymous_3)
FNF:4
FNH:2
FNDA:1,(anonymous_0)
FNDA:0,(anonymous_1)
FNDA:1,(anonymous_2)
FNDA:0,(anonymous_3)
DA:1,1
DA:2,1
DA:3,1
DA:4,1
DA:5,1
DA:8,1
DA:9,1
DA:14,1
DA:21,1
DA:22,1
DA:23,1
DA:26,1
DA:27,1
DA:30,1
DA:59,1
DA:60,1
DA:61,1
DA:65,1
DA:66,0
DA:67,0
DA:70,1
DA:71,1
DA:73,1
DA:74,1
DA:75,1
DA:77,1
DA:78,1
DA:80,0
DA:83,1
DA:84,1
DA:86,1
DA:87,0
DA:88,0
DA:91,1
LF:34
LH:29
BRDA:21,0,0,1
BRDA:21,0,1,1
BRDA:61,1,0,1
BRDA:61,1,1,1
BRDA:75,2,0,1
BRDA:75,2,1,1
BRF:6
BRH:6
end_of_record
TN:
SF:D:\Hobby\eleaving\backend\SubjectService\src\controller\SubjectController.js
FNF:0
FNH:0
DA:1,1
DA:2,1
DA:3,1
DA:4,1
DA:7,1
DA:8,1
DA:11,1
DA:12,1
DA:14,1
LF:9
LH:9
BRF:0
BRH:0
end_of_record
TN:
SF:D:\Hobby\eleaving\backend\SubjectService\src\service\SubjectService.js
FN:19,(anonymous_0)
FN:27,(anonymous_1)
FN:37,(anonymous_2)
FN:40,(anonymous_3)
FNF:4
FNH:4
FNDA:3,(anonymous_0)
FNDA:3,(anonymous_1)
FNDA:2,(anonymous_2)
FNDA:2,(anonymous_3)
DA:1,1
DA:2,1
DA:4,1
DA:5,1
DA:8,1
DA:16,1
DA:17,1
DA:19,1
DA:20,3
DA:22,3
DA:28,3
DA:29,1
DA:30,1
DA:32,2
DA:37,1
DA:38,2
DA:40,2
DA:41,2
DA:42,1
DA:43,1
DA:45,1
LF:21
LH:21
BRDA:28,0,0,1
BRDA:28,0,1,2
BRDA:41,1,0,1
BRDA:41,1,1,1
BRF:4
BRH:4
end_of_record
