TN:
SF:D:\Hobby\eleaving\backend\LeaveService\app.js
FN:14,(anonymous_0)
FNF:1
FNH:1
FNDA:1,(anonymous_0)
DA:1,1
DA:2,1
DA:3,1
DA:4,1
DA:7,1
DA:8,1
DA:10,1
DA:12,1
DA:14,1
DA:16,1
LF:10
LH:10
BRF:0
BRH:0
end_of_record
TN:
SF:D:\Hobby\eleaving\backend\LeaveService\src\controller\LeaveController.js
FNF:0
FNH:0
DA:1,1
DA:2,1
DA:3,1
DA:4,1
DA:7,1
DA:8,1
DA:11,1
DA:13,1
DA:15,1
DA:16,1
LF:10
LH:10
BRF:0
BRH:0
end_of_record
TN:
SF:D:\Hobby\eleaving\backend\LeaveService\src\service\LeaveService.js
FN:4,(anonymous_0)
FN:12,(anonymous_1)
FN:22,(anonymous_2)
FNF:3
FNH:3
FNDA:2,(anonymous_0)
FNDA:2,(anonymous_1)
FNDA:2,(anonymous_2)
DA:1,1
DA:2,1
DA:4,1
DA:5,2
DA:6,0
DA:8,2
DA:12,1
DA:13,2
DA:15,2
DA:16,1
DA:18,1
DA:22,1
DA:23,2
DA:25,2
DA:26,1
DA:28,1
LF:16
LH:15
BRDA:5,0,0,0
BRDA:5,0,1,2
BRDA:15,1,0,1
BRDA:15,1,1,1
BRDA:25,2,0,1
BRDA:25,2,1,1
BRF:6
BRH:5
end_of_record
